c:\users\c00195564\desktop\games engineering\repository\astar_ambush\debug\astar_ambush.lib
c:\users\c00195564\desktop\games engineering\repository\astar_ambush\debug\astar_ambush.exp
c:\users\c00195564\desktop\games engineering\repository\astar_ambush\astar_ambush\debug\vc141.pdb
c:\users\c00195564\desktop\games engineering\repository\astar_ambush\astar_ambush\debug\vc141.idb
c:\users\c00195564\desktop\games engineering\repository\astar_ambush\astar_ambush\debug\player.obj
c:\users\c00195564\desktop\games engineering\repository\astar_ambush\astar_ambush\debug\npc.obj
c:\users\c00195564\desktop\games engineering\repository\astar_ambush\astar_ambush\debug\main.obj
c:\users\c00195564\desktop\games engineering\repository\astar_ambush\astar_ambush\debug\ltimer.obj
c:\users\c00195564\desktop\games engineering\repository\astar_ambush\astar_ambush\debug\inputhandler.obj
c:\users\c00195564\desktop\games engineering\repository\astar_ambush\astar_ambush\debug\grid.obj
c:\users\c00195564\desktop\games engineering\repository\astar_ambush\astar_ambush\debug\enemycontroller.obj
c:\users\c00195564\desktop\games engineering\repository\astar_ambush\astar_ambush\debug\cell.obj
c:\users\c00195564\desktop\games engineering\repository\astar_ambush\astar_ambush\debug\cd_vector2f.obj
c:\users\c00195564\desktop\games engineering\repository\astar_ambush\astar_ambush\debug\aibehaviour.obj
c:\users\c00195564\desktop\games engineering\repository\astar_ambush\astar_ambush\debug\sdl_threadpool.obj
c:\users\c00195564\desktop\games engineering\repository\astar_ambush\debug\astar_ambush.pdb
c:\users\c00195564\desktop\games engineering\repository\astar_ambush\astar_ambush\debug\astar_ambush.tlog\astar_ambush.write.1u.tlog
c:\users\c00195564\desktop\games engineering\repository\astar_ambush\astar_ambush\debug\astar_ambush.tlog\cl.command.1.tlog
c:\users\c00195564\desktop\games engineering\repository\astar_ambush\astar_ambush\debug\astar_ambush.tlog\cl.read.1.tlog
c:\users\c00195564\desktop\games engineering\repository\astar_ambush\astar_ambush\debug\astar_ambush.tlog\cl.write.1.tlog
c:\users\c00195564\desktop\games engineering\repository\astar_ambush\astar_ambush\debug\astar_ambush.tlog\link.12256-cvtres.read.1.tlog
c:\users\c00195564\desktop\games engineering\repository\astar_ambush\astar_ambush\debug\astar_ambush.tlog\link.12256-cvtres.write.1.tlog
c:\users\c00195564\desktop\games engineering\repository\astar_ambush\astar_ambush\debug\astar_ambush.tlog\link.12256-rc.read.1.tlog
c:\users\c00195564\desktop\games engineering\repository\astar_ambush\astar_ambush\debug\astar_ambush.tlog\link.12256-rc.write.1.tlog
c:\users\c00195564\desktop\games engineering\repository\astar_ambush\astar_ambush\debug\astar_ambush.tlog\link.12256.read.1.tlog
c:\users\c00195564\desktop\games engineering\repository\astar_ambush\astar_ambush\debug\astar_ambush.tlog\link.12256.write.1.tlog
c:\users\c00195564\desktop\games engineering\repository\astar_ambush\astar_ambush\debug\astar_ambush.tlog\link.command.1.tlog
c:\users\c00195564\desktop\games engineering\repository\astar_ambush\astar_ambush\debug\astar_ambush.tlog\link.read.1.tlog
c:\users\c00195564\desktop\games engineering\repository\astar_ambush\astar_ambush\debug\astar_ambush.tlog\link.write.1.tlog
